2020-09-13 14:42:36,387 INFO o.a.j.u.JMeterUtils: Setting Locale to en_EN
2020-09-13 14:42:36,411 INFO o.a.j.JMeter: Loading user properties from: /home/joseph/Downloads/apache-jmeter-5.3/bin/user.properties
2020-09-13 14:42:36,412 INFO o.a.j.JMeter: Loading system properties from: /home/joseph/Downloads/apache-jmeter-5.3/bin/system.properties
2020-09-13 14:42:36,413 INFO o.a.j.JMeter: Copyright (c) 1998-2020 The Apache Software Foundation
2020-09-13 14:42:36,413 INFO o.a.j.JMeter: Version 5.3
2020-09-13 14:42:36,414 INFO o.a.j.JMeter: java.version=14.0.1
2020-09-13 14:42:36,414 INFO o.a.j.JMeter: java.vm.name=OpenJDK 64-Bit Server VM
2020-09-13 14:42:36,414 INFO o.a.j.JMeter: os.name=Linux
2020-09-13 14:42:36,414 INFO o.a.j.JMeter: os.arch=amd64
2020-09-13 14:42:36,414 INFO o.a.j.JMeter: os.version=5.4.0-47-generic
2020-09-13 14:42:36,414 INFO o.a.j.JMeter: file.encoding=UTF-8
2020-09-13 14:42:36,414 INFO o.a.j.JMeter: java.awt.headless=true
2020-09-13 14:42:36,414 INFO o.a.j.JMeter: Max memory     =1073741824
2020-09-13 14:42:36,415 INFO o.a.j.JMeter: Available Processors =8
2020-09-13 14:42:36,425 INFO o.a.j.JMeter: Default Locale=English (EN)
2020-09-13 14:42:36,425 INFO o.a.j.JMeter: JMeter  Locale=English (EN)
2020-09-13 14:42:36,425 INFO o.a.j.JMeter: JMeterHome=/home/joseph/Downloads/apache-jmeter-5.3
2020-09-13 14:42:36,425 INFO o.a.j.JMeter: user.dir  =/home/joseph/workspace/perfs-tests-demo
2020-09-13 14:42:36,425 INFO o.a.j.JMeter: PWD       =/home/joseph/workspace/perfs-tests-demo
2020-09-13 14:42:36,426 INFO o.a.j.JMeter: IP: 127.0.1.1 Name: joseph-ThinkPad-T480 FullName: joseph-ThinkPad-T480
2020-09-13 14:42:36,428 INFO o.a.j.JMeter: Setting property 'jmeter.reportgenerator.outputdir' to:'/home/joseph/workspace/perfs-tests-demo/htmlReports/report1'
2020-09-13 14:42:36,431 INFO o.a.j.s.FileServer: Default base='/home/joseph/workspace/perfs-tests-demo'
2020-09-13 14:42:36,433 INFO o.a.j.s.FileServer: Set new base='/home/joseph/workspace/perfs-tests-demo'
2020-09-13 14:42:36,540 INFO o.a.j.s.SaveService: Testplan (JMX) version: 2.2. Testlog (JTL) version: 2.2
2020-09-13 14:42:36,559 INFO o.a.j.s.SaveService: Using SaveService properties version 5.0
2020-09-13 14:42:36,561 INFO o.a.j.s.SaveService: Using SaveService properties file encoding UTF-8
2020-09-13 14:42:36,563 INFO o.a.j.s.SaveService: Loading file: testPlan.jmx
2020-09-13 14:42:36,588 INFO o.a.j.p.h.c.CookieManager: Settings: Delete null: true Check: true Allow variable: true Save: false Prefix: COOKIE_
2020-09-13 14:42:36,595 INFO o.a.j.p.h.s.HTTPSamplerBase: Parser for text/html is org.apache.jmeter.protocol.http.parser.LagartoBasedHtmlParser
2020-09-13 14:42:36,595 INFO o.a.j.p.h.s.HTTPSamplerBase: Parser for application/xhtml+xml is org.apache.jmeter.protocol.http.parser.LagartoBasedHtmlParser
2020-09-13 14:42:36,595 INFO o.a.j.p.h.s.HTTPSamplerBase: Parser for application/xml is org.apache.jmeter.protocol.http.parser.LagartoBasedHtmlParser
2020-09-13 14:42:36,595 INFO o.a.j.p.h.s.HTTPSamplerBase: Parser for text/xml is org.apache.jmeter.protocol.http.parser.LagartoBasedHtmlParser
2020-09-13 14:42:36,595 INFO o.a.j.p.h.s.HTTPSamplerBase: Parser for text/vnd.wap.wml is org.apache.jmeter.protocol.http.parser.RegexpHTMLParser
2020-09-13 14:42:36,595 INFO o.a.j.p.h.s.HTTPSamplerBase: Parser for text/css is org.apache.jmeter.protocol.http.parser.CssParser
2020-09-13 14:42:36,614 INFO o.a.j.JMeter: Creating summariser <summary>
2020-09-13 14:42:36,618 INFO o.a.j.r.d.ReportGenerator: ReportGenerator will use for Parsing the separator: ','
2020-09-13 14:42:36,618 INFO o.a.j.r.d.ReportGenerator: Will generate report at end of test from  results file: results/results.csv
2020-09-13 14:42:36,618 INFO o.a.j.r.d.ReportGenerator: Reading report generator properties from: /home/joseph/Downloads/apache-jmeter-5.3/bin/reportgenerator.properties
2020-09-13 14:42:36,618 INFO o.a.j.r.d.ReportGenerator: Merging with JMeter properties
2020-09-13 14:42:36,621 INFO o.a.j.r.c.ReportGeneratorConfiguration: Property 'jmeter.reportgenerator.temp_dir' not found, using default value 'temp' instead.
2020-09-13 14:42:36,623 INFO o.a.j.r.c.ReportGeneratorConfiguration: Property 'jmeter.reportgenerator.apdex_per_transaction' not found, using default value 'null' instead.
2020-09-13 14:42:36,623 INFO o.a.j.r.c.ReportGeneratorConfiguration: apdex_per_transaction is empty, not APDEX per transaction customization
2020-09-13 14:42:36,623 INFO o.a.j.r.c.ReportGeneratorConfiguration: Property 'jmeter.reportgenerator.sample_filter' not found, using default value 'null' instead.
2020-09-13 14:42:36,623 INFO o.a.j.r.c.ReportGeneratorConfiguration: Property 'jmeter.reportgenerator.report_title' not found, using default value 'null' instead.
2020-09-13 14:42:36,623 INFO o.a.j.r.c.ReportGeneratorConfiguration: Property 'jmeter.reportgenerator.start_date' not found, using default value 'null' instead.
2020-09-13 14:42:36,623 INFO o.a.j.r.c.ReportGeneratorConfiguration: Property 'jmeter.reportgenerator.end_date' not found, using default value 'null' instead.
2020-09-13 14:42:36,623 INFO o.a.j.r.c.ReportGeneratorConfiguration: Property 'jmeter.reportgenerator.date_format' not found, using default value 'null' instead.
2020-09-13 14:42:36,624 INFO o.a.j.r.c.ReportGeneratorConfiguration: Will use date range start date: null, end date: null
2020-09-13 14:42:36,627 INFO o.a.j.r.c.ReportGeneratorConfiguration: Property 'jmeter.reportgenerator.graph.totalTPS.exclude_controllers' not found, using default value 'false' instead.
2020-09-13 14:42:36,627 INFO o.a.j.r.c.ReportGeneratorConfiguration: Property 'jmeter.reportgenerator.graph.activeThreadsOverTime.exclude_controllers' not found, using default value 'false' instead.
2020-09-13 14:42:36,627 INFO o.a.j.r.c.ReportGeneratorConfiguration: Property 'jmeter.reportgenerator.graph.timeVsThreads.exclude_controllers' not found, using default value 'false' instead.
2020-09-13 14:42:36,627 INFO o.a.j.r.c.ReportGeneratorConfiguration: Property 'jmeter.reportgenerator.graph.responseTimeDistribution.exclude_controllers' not found, using default value 'false' instead.
2020-09-13 14:42:36,627 INFO o.a.j.r.c.ReportGeneratorConfiguration: Property 'jmeter.reportgenerator.graph.transactionsPerSecond.exclude_controllers' not found, using default value 'false' instead.
2020-09-13 14:42:36,628 INFO o.a.j.r.c.ReportGeneratorConfiguration: Property 'jmeter.reportgenerator.graph.responseTimePercentiles.exclude_controllers' not found, using default value 'false' instead.
2020-09-13 14:42:36,628 INFO o.a.j.r.c.ReportGeneratorConfiguration: Property 'jmeter.reportgenerator.graph.responseTimePercentilesOverTime.exclude_controllers' not found, using default value 'false' instead.
2020-09-13 14:42:36,628 INFO o.a.j.r.c.ReportGeneratorConfiguration: Property 'jmeter.reportgenerator.graph.responseTimesOverTime.exclude_controllers' not found, using default value 'false' instead.
2020-09-13 14:42:36,628 INFO o.a.j.r.c.ReportGeneratorConfiguration: Property 'jmeter.reportgenerator.graph.connectTimeOverTime.exclude_controllers' not found, using default value 'false' instead.
2020-09-13 14:42:36,628 INFO o.a.j.r.c.ReportGeneratorConfiguration: Property 'jmeter.reportgenerator.graph.latenciesOverTime.exclude_controllers' not found, using default value 'false' instead.
2020-09-13 14:42:36,629 INFO o.a.j.r.c.ReportGeneratorConfiguration: Property 'jmeter.reportgenerator.exporter.json.filters_only_sample_series' not found, using default value 'true' instead.
2020-09-13 14:42:36,629 INFO o.a.j.r.c.ReportGeneratorConfiguration: Property 'jmeter.reportgenerator.exporter.json.series_filter' not found, using default value '' instead.
2020-09-13 14:42:36,629 INFO o.a.j.r.c.ReportGeneratorConfiguration: Property 'jmeter.reportgenerator.exporter.json.show_controllers_only' not found, using default value 'false' instead.
2020-09-13 14:42:36,630 INFO o.a.j.r.c.ReportGeneratorConfiguration: Property 'jmeter.reportgenerator.exporter.html.filters_only_sample_series' not found, using default value 'true' instead.
2020-09-13 14:42:36,630 INFO o.a.j.r.c.ReportGeneratorConfiguration: Property 'jmeter.reportgenerator.exporter.html.series_filter' not found, using default value '' instead.
2020-09-13 14:42:36,630 INFO o.a.j.r.c.ReportGeneratorConfiguration: Property 'jmeter.reportgenerator.exporter.html.show_controllers_only' not found, using default value 'false' instead.
2020-09-13 14:42:36,633 INFO o.a.j.e.StandardJMeterEngine: Running the test!
2020-09-13 14:42:36,634 INFO o.a.j.s.SampleEvent: List of sample_variables: []
2020-09-13 14:42:36,634 INFO o.a.j.s.SampleEvent: List of sample_variables: []
2020-09-13 14:42:36,639 INFO o.a.j.e.u.CompoundVariable: Note: Function class names must contain the string: '.functions.'
2020-09-13 14:42:36,639 INFO o.a.j.e.u.CompoundVariable: Note: Function class names must not contain the string: '.gui.'
2020-09-13 14:42:36,859 INFO o.a.j.JMeter: Running test (1600000956859)
2020-09-13 14:42:36,875 INFO o.a.j.e.StandardJMeterEngine: Starting ThreadGroup: 1 : Scenario 1
2020-09-13 14:42:36,875 INFO o.a.j.e.StandardJMeterEngine: Starting 5 threads for group Scenario 1.
2020-09-13 14:42:36,875 INFO o.a.j.e.StandardJMeterEngine: Thread will continue on error
2020-09-13 14:42:36,875 INFO o.a.j.t.ThreadGroup: Starting thread group... number=1 threads=5 ramp-up=5 delayedStart=false
2020-09-13 14:42:36,883 INFO o.a.j.t.JMeterThread: Thread started: Scenario 1 1-1
2020-09-13 14:42:36,885 INFO o.a.j.t.ThreadGroup: Started thread group number 1
2020-09-13 14:42:36,885 INFO o.a.j.e.StandardJMeterEngine: All thread groups have been started
2020-09-13 14:42:36,898 INFO o.a.j.p.h.s.HTTPHCAbstractImpl: Local host = joseph-ThinkPad-T480
2020-09-13 14:42:36,902 INFO o.a.j.p.h.s.HTTPHC4Impl: HTTP request retry count = 0
2020-09-13 14:42:36,903 INFO o.a.j.s.SampleResult: Note: Sample TimeStamps are START times
2020-09-13 14:42:36,903 INFO o.a.j.s.SampleResult: sampleresult.default.encoding is set to ISO-8859-1
2020-09-13 14:42:36,903 INFO o.a.j.s.SampleResult: sampleresult.useNanoTime=true
2020-09-13 14:42:36,903 INFO o.a.j.s.SampleResult: sampleresult.nanoThreadSleep=5000
2020-09-13 14:42:37,880 INFO o.a.j.t.JMeterThread: Thread started: Scenario 1 1-2
2020-09-13 14:42:38,878 INFO o.a.j.t.JMeterThread: Thread started: Scenario 1 1-3
2020-09-13 14:42:39,878 INFO o.a.j.t.JMeterThread: Thread started: Scenario 1 1-4
2020-09-13 14:42:40,879 INFO o.a.j.t.JMeterThread: Thread started: Scenario 1 1-5
2020-09-13 14:42:41,777 INFO o.a.j.t.JMeterThread: Thread finished: Scenario 1 1-5
2020-09-13 14:42:41,777 INFO o.a.j.t.JMeterThread: Thread finished: Scenario 1 1-4
2020-09-13 14:42:41,821 INFO o.a.j.t.JMeterThread: Thread finished: Scenario 1 1-2
2020-09-13 14:42:41,869 INFO o.a.j.t.JMeterThread: Thread finished: Scenario 1 1-3
2020-09-13 14:42:41,875 INFO o.a.j.t.JMeterThread: Stopping because end time detected by thread: Scenario 1 1-1
2020-09-13 14:42:41,875 INFO o.a.j.t.JMeterThread: Thread finished: Scenario 1 1-1
2020-09-13 14:42:41,876 INFO o.a.j.e.StandardJMeterEngine: Notifying test listeners of end of test
2020-09-13 14:42:41,879 INFO o.a.j.r.Summariser: summary =    185 in 00:00:05 =   36.9/s Avg:     6 Min:     1 Max:    54 Err:    90 (48.65%)
2020-09-13 14:42:41,880 INFO o.a.j.JMeter: Generating Dashboard
2020-09-13 14:42:41,880 INFO o.a.j.r.d.ReportGenerator: Flushing result collector before report Generation
2020-09-13 14:42:41,906 INFO o.a.j.r.p.NormalizerSampleConsumer: Using format, 'ms', to parse timeStamp field
2020-09-13 14:42:41,992 INFO o.a.j.r.p.AbstractSampleConsumer: class org.apache.jmeter.report.processor.AggregateConsumer#stopProducing(): beginDate produced 0 samples
2020-09-13 14:42:41,992 INFO o.a.j.r.p.AbstractSampleConsumer: class org.apache.jmeter.report.processor.AggregateConsumer#stopProducing(): endDate produced 0 samples
2020-09-13 14:42:41,993 INFO o.a.j.r.p.AbstractSampleConsumer: class org.apache.jmeter.report.processor.ApdexSummaryConsumer#stopProducing(): apdexSummary produced 0 samples
2020-09-13 14:42:41,994 INFO o.a.j.r.p.AbstractSampleConsumer: class org.apache.jmeter.report.processor.RequestsSummaryConsumer#stopProducing(): requestsSummary produced 0 samples
2020-09-13 14:42:41,997 INFO o.a.j.r.p.AbstractSampleConsumer: class org.apache.jmeter.report.processor.StatisticsSummaryConsumer#stopProducing(): statisticsSummary produced 0 samples
2020-09-13 14:42:41,998 INFO o.a.j.r.p.AbstractSampleConsumer: class org.apache.jmeter.report.processor.Top5ErrorsBySamplerConsumer#stopProducing(): top5ErrorsBySampler produced 0 samples
2020-09-13 14:42:41,998 INFO o.a.j.r.p.AbstractSampleConsumer: class org.apache.jmeter.report.processor.ErrorsSummaryConsumer#stopProducing(): errorsSummary produced 0 samples
2020-09-13 14:42:41,998 INFO o.a.j.r.p.AbstractSampleConsumer: class org.apache.jmeter.report.processor.graph.impl.HitsPerSecondGraphConsumer#stopProducing(): hitsPerSecond produced 0 samples
2020-09-13 14:42:42,007 INFO o.a.j.r.p.AbstractSampleConsumer: class org.apache.jmeter.report.processor.graph.impl.LatencyVSRequestGraphConsumer#stopProducing(): latencyVsRequest produced 0 samples
2020-09-13 14:42:42,007 INFO o.a.j.r.p.AbstractSampleConsumer: class org.apache.jmeter.report.processor.graph.impl.SyntheticResponseTimeDistributionGraphConsumer#stopProducing(): syntheticResponseTimeDistribution produced 0 samples
2020-09-13 14:42:42,007 INFO o.a.j.r.p.AbstractSampleConsumer: class org.apache.jmeter.report.processor.graph.impl.BytesThroughputGraphConsumer#stopProducing(): bytesThroughputOverTime produced 0 samples
2020-09-13 14:42:42,007 INFO o.a.j.r.p.AbstractSampleConsumer: class org.apache.jmeter.report.processor.graph.impl.CodesPerSecondGraphConsumer#stopProducing(): codesPerSecond produced 0 samples
2020-09-13 14:42:42,011 INFO o.a.j.r.p.AbstractSampleConsumer: class org.apache.jmeter.report.processor.graph.impl.ResponseTimeVSRequestGraphConsumer#stopProducing(): responseTimeVsRequest produced 0 samples
2020-09-13 14:42:42,012 INFO o.a.j.r.p.AbstractSampleConsumer: class org.apache.jmeter.report.processor.FilterConsumer#stopProducing(): startIntervalControlerFilter produced 1295 samples
2020-09-13 14:42:42,012 INFO o.a.j.r.p.AbstractSampleConsumer: class org.apache.jmeter.report.processor.graph.impl.TotalTPSGraphConsumer#stopProducing(): totalTPS produced 0 samples
2020-09-13 14:42:42,012 INFO o.a.j.r.p.AbstractSampleConsumer: class org.apache.jmeter.report.processor.graph.impl.ActiveThreadsGraphConsumer#stopProducing(): activeThreadsOverTime produced 0 samples
2020-09-13 14:42:42,012 INFO o.a.j.r.p.AbstractSampleConsumer: class org.apache.jmeter.report.processor.graph.impl.TimeVSThreadGraphConsumer#stopProducing(): timeVsThreads produced 0 samples
2020-09-13 14:42:42,012 INFO o.a.j.r.p.AbstractSampleConsumer: class org.apache.jmeter.report.processor.graph.impl.ResponseTimeDistributionGraphConsumer#stopProducing(): responseTimeDistribution produced 0 samples
2020-09-13 14:42:42,012 INFO o.a.j.r.p.AbstractSampleConsumer: class org.apache.jmeter.report.processor.graph.impl.TransactionsPerSecondGraphConsumer#stopProducing(): transactionsPerSecond produced 0 samples
2020-09-13 14:42:42,012 INFO o.a.j.r.p.AbstractSampleConsumer: class org.apache.jmeter.report.processor.graph.impl.ResponseTimePercentilesGraphConsumer#stopProducing(): responseTimePercentiles produced 0 samples
2020-09-13 14:42:42,014 INFO o.a.j.r.p.AbstractSampleConsumer: class org.apache.jmeter.report.processor.graph.impl.ResponseTimePercentilesOverTimeGraphConsumer#stopProducing(): responseTimePercentilesOverTime produced 0 samples
2020-09-13 14:42:42,014 INFO o.a.j.r.p.AbstractSampleConsumer: class org.apache.jmeter.report.processor.graph.impl.ResponseTimeOverTimeGraphConsumer#stopProducing(): responseTimesOverTime produced 0 samples
2020-09-13 14:42:42,014 INFO o.a.j.r.p.AbstractSampleConsumer: class org.apache.jmeter.report.processor.graph.impl.ConnectTimeOverTimeGraphConsumer#stopProducing(): connectTimeOverTime produced 0 samples
2020-09-13 14:42:42,014 INFO o.a.j.r.p.AbstractSampleConsumer: class org.apache.jmeter.report.processor.graph.impl.LatencyOverTimeGraphConsumer#stopProducing(): latenciesOverTime produced 0 samples
2020-09-13 14:42:42,015 INFO o.a.j.r.p.AbstractSampleConsumer: class org.apache.jmeter.report.processor.FilterConsumer#stopProducing(): nameFilter produced 2775 samples
2020-09-13 14:42:42,015 INFO o.a.j.r.p.AbstractSampleConsumer: class org.apache.jmeter.report.processor.FilterConsumer#stopProducing(): dateRangeFilter produced 555 samples
2020-09-13 14:42:42,015 INFO o.a.j.r.p.AbstractSampleConsumer: class org.apache.jmeter.report.processor.NormalizerSampleConsumer#stopProducing(): normalizer produced 185 samples
2020-09-13 14:42:42,015 INFO o.a.j.r.p.CsvFileSampleSource: produce(): 185 samples produced in 87ms on channel 0
2020-09-13 14:42:42,015 INFO o.a.j.r.d.ReportGenerator: Exporting data using exporter:'json' of className:'org.apache.jmeter.report.dashboard.JsonExporter'
2020-09-13 14:42:42,017 INFO o.a.j.r.d.JsonExporter: Found data for consumer statisticsSummary in context
2020-09-13 14:42:42,017 INFO o.a.j.r.d.JsonExporter: Creating statistics for overall
2020-09-13 14:42:42,017 INFO o.a.j.r.d.JsonExporter: Creating statistics for other transactions
2020-09-13 14:42:42,018 INFO o.a.j.r.d.JsonExporter: Checking output folder
2020-09-13 14:42:42,018 INFO o.a.j.r.d.JsonExporter: Writing statistics JSON to /home/joseph/workspace/perfs-tests-demo/htmlReports/report1/statistics.json
2020-09-13 14:42:42,132 INFO o.a.j.r.d.ReportGenerator: Exporting data using exporter:'html' of className:'org.apache.jmeter.report.dashboard.HtmlTemplateExporter'
2020-09-13 14:42:42,134 INFO o.a.j.r.d.HtmlTemplateExporter: Will generate dashboard in folder: /home/joseph/workspace/perfs-tests-demo/htmlReports/report1
2020-09-13 14:42:42,206 ERROR f.configuration: DefaultObjectWrapper.incompatibleImprovements was set to the object returned by Configuration.getVersion(). That defeats the purpose of incompatibleImprovements, and makes upgrading FreeMarker a potentially breaking change. Also, this probably won't be allowed starting from 2.4.0. Instead, set incompatibleImprovements to the highest concrete version that's known to be compatible with your application.
2020-09-13 14:42:42,207 ERROR f.configuration: Configuration.incompatibleImprovements was set to the object returned by Configuration.getVersion(). That defeats the purpose of incompatibleImprovements, and makes upgrading FreeMarker a potentially breaking change. Also, this probably won't be allowed starting from 2.4.0. Instead, set incompatibleImprovements to the highest concrete version that's known to be compatible with your application.
2020-09-13 14:42:42,219 INFO o.a.j.r.d.HtmlTemplateExporter: Report will be generated in: /home/joseph/workspace/perfs-tests-demo/htmlReports/report1, creating folder structure
2020-09-13 14:42:42,221 INFO o.a.j.r.d.TemplateVisitor: Copying folder from '/home/joseph/Downloads/apache-jmeter-5.3/bin/report-template' to '/home/joseph/workspace/perfs-tests-demo/htmlReports/report1', got message: /home/joseph/workspace/perfs-tests-demo/htmlReports/report1, found non empty folder with following content [/home/joseph/workspace/perfs-tests-demo/htmlReports/report1/statistics.json], will be ignored
2020-09-13 14:42:42,378 INFO o.a.j.JMeter: Dashboard generated
